<?xml version="1.0" encoding="UTF-8"?>
<!-- Generated by org.testng.reporters.JUnitXMLReporter -->
<testsuite ignored="0" hostname="DESKTOP-GUDBLLA" failures="1" tests="2" name="Dummy Website End to End TCs" time="38.809" errors="0" timestamp="2021-06-16T09:12:28 BST">
  <testcase classname="com.actoJava.qa.endToEndTests.EndToEndTests" name="registerUserFailedTest" time="23.068">
    <failure type="java.lang.AssertionError" message="Login Page is displayed expected [true] but found [false]">
      <![CDATA[java.lang.AssertionError: Login Page is displayed expected [true] but found [false]
at com.actoJava.qa.endToEndTests.EndToEndTests.registerUserFailedTest(EndToEndTests.java:69)
at java.base/java.util.ArrayList.forEach(ArrayList.java:1511)
at com.intellij.rt.testng.IDEARemoteTestNG.run(IDEARemoteTestNG.java:66)
at com.intellij.rt.testng.RemoteTestNGStarter.main(RemoteTestNGStarter.java:109)
... Removed 27 stack frames]]>
    </failure>
  </testcase> <!-- registerUserFailedTest -->
  <testcase classname="com.actoJava.qa.endToEndTests.EndToEndTests" name="testNewUserRegisterAndLogin" time="5.494"/>
</testsuite> <!-- Dummy Website End to End TCs -->
