<?xml version="1.0" encoding="UTF-8"?>
<!-- Generated by org.testng.reporters.JUnitXMLReporter -->
<testsuite ignored="0" hostname="DESKTOP-GUDBLLA" failures="0" tests="3" name="Dummy Website End to End TCs" time="15.053" errors="0" timestamp="2021-06-18T14:17:15 BST">
  <testcase classname="com.actoJava.qa.endToEndTests.EndToEndTests" name="testNewUserRegisterAndLogin" time="2.434"/>
  <testcase classname="com.actoJava.qa.endToEndTests.MultipleTestDataE2ETestExample" name="testNewUserMultipleTestData" time="2.57"/>
  <testcase classname="com.actoJava.qa.endToEndTests.MultipleTestDataE2ETestExample" name="testNewUserMultipleTestData" time="2.529"/>
</testsuite> <!-- Dummy Website End to End TCs -->
